     1                                 %line 1+1 task3.asm
     2                                 [section .data]
     3 00000000 506C6561736520696E-     msg1 db "Please input the first number: "
     4 00000000 707574207468652066-
     5 00000000 69727374206E756D62-
     6 00000000 65723A20           
     7 0000001F 506C6561736520696E-     msg2 db "Please input the second number: "
     8 0000001F 707574207468652073-
     9 0000001F 65636F6E64206E756D-
    10 0000001F 6265723A20         
    11 0000003F 0A                      blank db '', 0xA
    12 00000040 0000000000000000        total dq 0
    13 00000048 0000000000000000        num1 dq 0
    14 00000050 0000000000000000        num2 dq 0
    15 00000058 0A                      divid db 10
    16                                 [section .text]
    17                                 [global _start]
    18                                 
    19                                 _start
    20 00000000 48C7C001000000          mov rax, 1
    21 00000007 48C7C701000000          mov rdi, 1
    22 0000000E 48C7C6[00000000]        mov rsi, msg1
    23 00000015 48C7C21F000000          mov rdx, 31
    24 0000001C 0F05                    syscall
    25                                 
    26 0000001E 48C7C000000000          mov rax, 0
    27 00000025 48C7C700000000          mov rdi, 0
    28 0000002C 48C7C6[00000000]        mov rsi, num1
    29 00000033 48C7C202000000          mov rdx, 2
    30 0000003A 0F05                    syscall
    31                                 
    32 0000003C 48C7C001000000          mov rax, 1
    33 00000043 48C7C701000000          mov rdi, 1
    34 0000004A 48C7C6[00000000]        mov rsi, msg2
    35 00000051 48C7C220000000          mov rdx, 32
    36 00000058 0F05                    syscall
    37                                 
    38 0000005A 48C7C000000000          mov rax, 0
    39 00000061 48C7C700000000          mov rdi, 0
    40 00000068 48C7C6[00000000]        mov rsi, num2
    41 0000006F 48C7C202000000          mov rdx, 2
    42 00000076 0F05                    syscall
    43                                 
    44                                 
    45 00000078 4C8B0C25[00000000]      mov r9, [num1]
    46 00000080 4983E930                sub r9, 48
    47 00000084 4C8B1425[00000000]      mov r10, [num2]
    48 0000008C 4983EA30                sub r10, 48
    49 00000090 4C89C8                  mov rax, r9
    50 00000093 49F7E2                  mul r10
    51                                 
    52 00000096 48C7C200000000          mov rdx, 0
    53 0000009D 4D31DB                  xor r11, r11
    54                                 
    55 000000A0 49C7C30A000000          mov r11, 10
    56 000000A7 4C891C25[00000000]      mov [divid], r11
    57 000000AF F73425[00000000]        div dword [divid]
    58                                 
    59 000000B6 4883C030                add rax, 48
    60 000000BA 4883C230                add rdx, 48
    61 000000BE 4989C4                  mov r12, rax
    62 000000C1 4989D5                  mov r13, rdx
    63 000000C4 4C892425[00000000]      mov [total],r12
    64                                 
    65 000000CC 48C7C201000000          mov rdx, 1
    66 000000D3 48C7C6[00000000]        mov rsi, total
    67 000000DA 48C7C001000000          mov rax, 1
    68 000000E1 48C7C701000000          mov rdi, 1
    69 000000E8 0F05                    syscall
    70                                 
    71 000000EA 4C892C25[00000000]      mov [deci], r13
    72 000000F2 48C7C201000000          mov rdx, 1
    73 000000F9 48C7C6[00000000]        mov rsi, deci
    74 00000100 48C7C001000000          mov rax, 1
    75 00000107 48C7C701000000          mov rdi, 1
    76 0000010E 0F05                    syscall
    77                                 
    78                                 
    79 00000110 48C7C001000000          mov rax, 1
    80 00000117 48C7C701000000          mov rdi, 1
    81 0000011E 48C7C6[00000000]        mov rsi, blank
    82 00000125 48C7C201000000          mov rdx, 1
    83 0000012C 0F05                    syscall
    84                                 
    85 0000012E B801000000              mov eax, 1
    86 00000133 BB00000000              mov ebx, 0
    87 00000138 CD80                    int 0x80
