     1                                 %line 1+1 task3.asm
     2                                 [section .data]
     3 00000000 506C6561736520696E-     msg1 db 'Please input the first number: '
     4 00000000 707574207468652066-
     5 00000000 69727374206E756D62-
     6 00000000 65723A20           
     7 0000001F 506C6561736520696E-     msg2 db 'Please input the second number: '
     8 0000001F 707574207468652073-
     9 0000001F 65636F6E64206E756D-
    10 0000001F 6265723A20         
    11 0000003F 0A                      blank db '', 0xA
    12                                 [section .bss]
    13 00000000 <gap>                   num1 resb 1
    14 00000001 <gap>                   num2 resb 1
    15 00000002 <gap>                   total resb 1
    16                                 
    17                                 [section .text]
    18                                 [global _start]
    19                                 _start:
    20 00000000 48C7C001000000          mov rax, 1
    21 00000007 48C7C701000000          mov rdi, 1
    22 0000000E 48C7C6[00000000]        mov rsi, msg1
    23 00000015 48C7C21F000000          mov rdx, 31
    24 0000001C 0F05                    syscall
    25                                 
    26 0000001E 48C7C000000000          mov rax, 0
    27 00000025 48C7C700000000          mov rdi, 0
    28 0000002C 48C7C6[00000000]        mov rsi, num1
    29 00000033 48C7C202000000          mov rdx, 2
    30 0000003A 0F05                    syscall
    31                                 
    32 0000003C 48C7C001000000          mov rax, 1
    33 00000043 48C7C701000000          mov rdi, 1
    34 0000004A 48C7C6[00000000]        mov rsi, msg2
    35 00000051 48C7C220000000          mov rdx, 32
    36 00000058 0F05                    syscall
    37                                 
    38 0000005A 48C7C000000000          mov rax, 0
    39 00000061 48C7C700000000          mov rdi, 0
    40 00000068 48C7C6[00000000]        mov rsi, num2
    41 0000006F 48C7C202000000          mov rdx, 2
    42 00000076 0F05                    syscall
    43                                 
    44 00000078 488B1C25[00000000]      mov rbx, [num1]
    45 00000080 4883EB30                sub rbx, 48
    46 00000084 488B0425[00000000]      mov rax, [num2]
    47 0000008C 4883E830                sub rax, 48
    48 00000090 4801C3                  add rbx, rax
    49 00000093 48891C25[00000000]      mov [total], rbx
    50 0000009B 4831DB                  xor rbx, rbx
    51 0000009E 0F05                    syscall
    52                                 
    53 000000A0 48C7C001000000          mov rax, 1
    54 000000A7 48C7C701000000          mov rdi, 1
    55 000000AE 488B1C25[00000000]      mov rbx, [total]
    56 000000B6 4883C330                add rbx, 48
    57 000000BA 48891C25[00000000]      mov [total], rbx
    58 000000C2 48C7C6[00000000]        mov rsi, total
    59 000000C9 48C7C201000000          mov rdx, 1
    60 000000D0 0F05                    syscall
    61                                 
    62 000000D2 48C7C001000000          mov rax, 1
    63 000000D9 48C7C701000000          mov rdi, 1
    64 000000E0 48C7C6[00000000]        mov rsi, blank
    65 000000E7 48C7C201000000          mov rdx, 1
    66 000000EE 0F05                    syscall
    67 000000F0 B801000000              mov eax, 1
    68 000000F5 BB00000000              mov ebx, 0
    69 000000FA CD80                    int 0x80
    70                                 
    71                                 
    72                                 
    73                                 
