     1                                 %line 1+1 task2.asm
     2                                 [segment .data]
     3 00000000 506C6561736520696E-     msg1 db 'Please input a lowercase character: '
     4 00000000 7075742061206C6F77-
     5 00000000 657263617365206368-
     6 00000000 617261637465723A20 
     7 00000024 496E20757070657263-     msg2 db 'In uppercase: '
     8 00000024 6173653A20         
     9 00000032 0A                      blank db '', 0xA
    10 00000033 01                      value db 1
    11                                 
    12                                 
    13                                 
    14                                 [segment .text]
    15                                 [global _start]
    16                                 
    17                                 _start
    18                                 
    19 00000000 48C7C001000000          mov rax, 1
    20 00000007 48C7C701000000          mov rdi, 1
    21 0000000E 48C7C6[00000000]        mov rsi, msg1
    22 00000015 48C7C224000000          mov rdx, 36
    23 0000001C 0F05                    syscall
    24                                 
    25                                 
    26 0000001E 48C7C000000000          mov rax, 0
    27 00000025 48C7C700000000          mov rdi, 0
    28 0000002C 48C7C6[00000000]        mov rsi, value
    29 00000033 48C7C201000000          mov rdx, 1
    30 0000003A 0F05                    syscall
    31                                 
    32                                 
    33                                 
    34                                 
    35                                 
    36                                 
    37                                 
    38                                 
    39                                 
    40                                 
    41 0000003C 48C7C001000000          mov rax, 1
    42 00000043 48C7C701000000          mov rdi, 1
    43 0000004A 48C7C6[00000000]        mov rsi, msg2
    44 00000051 48C7C20E000000          mov rdx, 14
    45 00000058 0F05                    syscall
    46                                 
    47                                 
    48                                 
    49                                 
    50 0000005A 488B1C25[00000000]      mov rbx, [value]
    51 00000062 4883EB30                sub rbx, '0'
    52 00000066 4883EB20                sub rbx, 32
    53 0000006A 4883C330                add rbx, '0'
    54 0000006E 48891C25[00000000]      mov [value], rbx
    55 00000076 0F05                    syscall
    56 00000078 48C7C001000000          mov rax, 1
    57 0000007F 48C7C701000000          mov rdi, 1
    58 00000086 48C7C6[00000000]        mov rsi, value
    59 0000008D 48C7C201000000          mov rdx, 1
    60 00000094 0F05                    syscall
    61                                 
    62                                 
    63                                 
    64 00000096 48C7C001000000          mov rax, 1
    65 0000009D 48C7C701000000          mov rdi, 1
    66 000000A4 48C7C6[00000000]        mov rsi, blank
    67 000000AB 48C7C201000000          mov rdx, 1
    68                                 
    69 000000B2 0F05                    syscall
    70 000000B4 CD80                    int 80
